<?xml version="1.0" encoding="UTF-8"?>
<!-- Generated by org.testng.reporters.JUnitReportReporter -->
<testsuite hostname="Koushik" name="com.webtek.test.SanityTest1" tests="3" failures="0" timestamp="31 May 2015 05:36:58 GMT" time="69.389" errors="0">
  <testcase name="firstAddProductThenCheckOutWithSign" time="26.265" classname="com.webtek.test.SanityTest1"/>
  <testcase name="verifyItemPresentInCartAndSummation" time="7.356" classname="com.webtek.test.SanityTest1"/>
  <testcase name="ContactDetailSubmission" time="35.768" classname="com.webtek.test.SanityTest1"/>
</testsuite> <!-- com.webtek.test.SanityTest1 -->
